<?xml version="1.0" encoding="UTF-8"?>
<!-- Generated by org.testng.reporters.JUnitXMLReporter -->
<testsuite ignored="0" hostname="DESKTOP-8V3MV6I" failures="2" tests="22" name="Test" time="17.34" errors="0" timestamp="2022-04-14T20:26:33 GMT-05:00">
  <testcase classname="restAssured.DeletReq" name="validateStatusCodeDelete" time="0.152">
    <failure type="java.lang.AssertionError" message="expected [200] but found [204]">
      <![CDATA[java.lang.AssertionError: expected [200] but found [204]
at restAssured.DeletReq.validateStatusCodeDelete(DeletReq.java:17)
at java.base/java.util.ArrayList.forEach(ArrayList.java:1511)
... Removed 33 stack frames]]>
    </failure>
  </testcase> <!-- validateStatusCodeDelete -->
  <testcase classname="restAssured.DeletReq" name="validateStatusLineDelete" time="0.015">
    <failure type="java.lang.AssertionError" message="expected [HTTP/1.1 200 OK] but found [HTTP/1.1 204 No Content]">
      <![CDATA[java.lang.AssertionError: expected [HTTP/1.1 200 OK] but found [HTTP/1.1 204 No Content]
at restAssured.DeletReq.validateStatusLineDelete(DeletReq.java:21)
at java.base/java.util.ArrayList.forEach(ArrayList.java:1511)
... Removed 33 stack frames]]>
    </failure>
  </testcase> <!-- validateStatusLineDelete -->
  <testcase classname="restAssured.Patchreq" name="validateStatusCodePatch" time="0.002"/>
  <testcase classname="restAssured.Patchreq" name="validateStatusLinePatch" time="0.002"/>
  <testcase classname="restAssured.Patchreq" name="validateResponseBodyPatch" time="0.094"/>
  <testcase classname="restAssured.Patchreq" name="getReqeustForUpdateduser" time="0.402"/>
  <testcase classname="restAssured.Patchreq" name="validateResponseBodyUpdatedUser" time="0.002"/>
  <testcase classname="restAssured.Putreq" name="validateStatusCodeput" time="0.002"/>
  <testcase classname="restAssured.Putreq" name="validateStatusLineput" time="0.001"/>
  <testcase classname="restAssured.Putreq" name="validateResponseBodyPut" time="0.002"/>
  <testcase classname="restAssured.Postreq" name="validateStatusCode" time="0.003"/>
  <testcase classname="restAssured.Postreq" name="validateStatusLine" time="0.004"/>
  <testcase classname="restAssured.Postreq" name="validateID" time="0.003"/>
  <testcase classname="restAssured.Postreq" name="validateFirstName" time="0.002"/>
  <testcase classname="restAssured.Postreq" name="validateLast_Name" time="0.003"/>
  <testcase classname="restAssured.Postreq" name="validateContentTypeHeader" time="0.003"/>
  <testcase classname="restAssured.Postreq" name="validateAllHeaders" time="0.004"/>
  <testcase classname="restAssured.Postreq" name="validateBody" time="3.412"/>
  <testcase classname="restAssured.Postreq" name="validategetRequest" time="0.716"/>
  <testcase classname="restAssured.GetReq" name="validateStatusCode" time="0.001"/>
  <testcase classname="restAssured.GetReq" name="validateStatusLine" time="0.001"/>
  <testcase classname="restAssured.GetReq" name="validateResponseBody" time="0.003"/>
</testsuite> <!-- Test -->
