<?xml version="1.0" encoding="UTF-8"?>
<testng-results ignored="0" total="2" passed="2" failed="0" skipped="0">
  <reporter-output>
  </reporter-output>
  <suite started-at="2022-04-14T20:40:13 GMT-05:00" name="Default suite" finished-at="2022-04-14T20:40:20 GMT-05:00" duration-ms="6421">
    <groups>
    </groups>
    <test started-at="2022-04-14T20:40:13 GMT-05:00" name="Default test" finished-at="2022-04-14T20:40:20 GMT-05:00" duration-ms="6421">
      <class name="restAssured.DeletReq">
        <test-method is-config="true" signature="setUp()[pri:0, instance:restAssured.DeletReq@28f2a10f]" started-at="2022-04-14T20:40:14 GMT-05:00" name="setUp" finished-at="2022-04-14T20:40:20 GMT-05:00" duration-ms="6275" status="PASS">
          <reporter-output>
          </reporter-output>
        </test-method> <!-- setUp -->
        <test-method signature="validateStatusCodeDelete()[pri:1, instance:restAssured.DeletReq@28f2a10f]" started-at="2022-04-14T20:40:20 GMT-05:00" name="validateStatusCodeDelete" finished-at="2022-04-14T20:40:20 GMT-05:00" duration-ms="25" status="PASS">
          <reporter-output>
          </reporter-output>
        </test-method> <!-- validateStatusCodeDelete -->
        <test-method signature="validateStatusLineDelete()[pri:2, instance:restAssured.DeletReq@28f2a10f]" started-at="2022-04-14T20:40:20 GMT-05:00" name="validateStatusLineDelete" finished-at="2022-04-14T20:40:20 GMT-05:00" duration-ms="3" status="PASS">
          <reporter-output>
          </reporter-output>
        </test-method> <!-- validateStatusLineDelete -->
      </class> <!-- restAssured.DeletReq -->
    </test> <!-- Default test -->
  </suite> <!-- Default suite -->
</testng-results>
